Using launch settings from C:\Users\esmaeili\Desktop\rhyno-automation-1\rhyno-automation\Properties\launchSettings.json...
info: Microsoft.Hosting.Lifetime[14]
      Now listening on: http://localhost:5124
info: Microsoft.Hosting.Lifetime[0]
      Application started. Press Ctrl+C to shut down.
info: Microsoft.Hosting.Lifetime[0]
      Hosting environment: Development
info: Microsoft.Hosting.Lifetime[0]
      Content root path: C:\Users\esmaeili\Desktop\rhyno-automation-1\rhyno-automation
info: Startup[0]
      Startup bootstrap: begin.
info: Startup[0]
      Startup bootstrap: tenant initialized for default.
info: Startup[0]
      Startup bootstrap: ApplicationDbContext resolved.
info: Startup[0]
      Startup bootstrap: applying database migrations.
info: Microsoft.EntityFrameworkCore.Database.Command[20101]
      Executed DbCommand (52ms) [Parameters=[], CommandType='Text', CommandTimeout='30']
      SELECT 1
info: Microsoft.EntityFrameworkCore.Migrations[20411]
      Acquiring an exclusive lock for migration application. See https://aka.ms/efcore-docs-migrations-lock for more information if this takes too long.
info: Microsoft.EntityFrameworkCore.Database.Command[20101]
      Executed DbCommand (41ms) [Parameters=[], CommandType='Text', CommandTimeout='30']
      DECLARE @result int;
      EXEC @result = sp_getapplock @Resource = '__EFMigrationsLock', @LockOwner = 'Session', @LockMode = 'Exclusive';
      SELECT @result
info: Microsoft.EntityFrameworkCore.Database.Command[20101]
      Executed DbCommand (3ms) [Parameters=[], CommandType='Text', CommandTimeout='30']
      IF OBJECT_ID(N'[__EFMigrationsHistory]') IS NULL
      BEGIN
          CREATE TABLE [__EFMigrationsHistory] (
              [MigrationId] nvarchar(150) NOT NULL,
              [ProductVersion] nvarchar(32) NOT NULL,
              CONSTRAINT [PK___EFMigrationsHistory] PRIMARY KEY ([MigrationId])
          );
      END;
info: Microsoft.EntityFrameworkCore.Database.Command[20101]
      Executed DbCommand (0ms) [Parameters=[], CommandType='Text', CommandTimeout='30']
      SELECT 1
info: Microsoft.EntityFrameworkCore.Database.Command[20101]
      Executed DbCommand (1ms) [Parameters=[], CommandType='Text', CommandTimeout='30']
      SELECT OBJECT_ID(N'[__EFMigrationsHistory]');
info: Microsoft.EntityFrameworkCore.Database.Command[20101]
      Executed DbCommand (14ms) [Parameters=[], CommandType='Text', CommandTimeout='30']
      SELECT [MigrationId], [ProductVersion]
      FROM [__EFMigrationsHistory]
      ORDER BY [MigrationId];
info: Microsoft.EntityFrameworkCore.Migrations[20405]
      No migrations were applied. The database is already up to date.
info: Microsoft.EntityFrameworkCore.Database.Command[20101]
      Executed DbCommand (5ms) [Parameters=[], CommandType='Text', CommandTimeout='30']
      DECLARE @result int;
      EXEC @result = sp_releaseapplock @Resource = '__EFMigrationsLock', @LockOwner = 'Session';
      SELECT @result
info: Startup[0]
      Startup bootstrap: database migrations completed.
info: Startup[0]
      Startup bootstrap: identity managers resolved.
info: Microsoft.EntityFrameworkCore.Database.Command[20101]
      Executed DbCommand (21ms) [Parameters=[@normalizedName='?' (Size = 256)], CommandType='Text', CommandTimeout='30']
      SELECT TOP(1) [a].[Id], [a].[ConcurrencyStamp], [a].[DataAccessScope], [a].[Description], [a].[Name], [a].[NormalizedName]
      FROM [AspNetRoles] AS [a]
      WHERE [a].[NormalizedName] = @normalizedName
info: Microsoft.EntityFrameworkCore.Database.Command[20101]
      Executed DbCommand (1ms) [Parameters=[@normalizedName='?' (Size = 256)], CommandType='Text', CommandTimeout='30']
      SELECT TOP(1) [a].[Id], [a].[ConcurrencyStamp], [a].[DataAccessScope], [a].[Description], [a].[Name], [a].[NormalizedName]
      FROM [AspNetRoles] AS [a]
      WHERE [a].[NormalizedName] = @normalizedName
info: Microsoft.EntityFrameworkCore.Database.Command[20101]
      Executed DbCommand (0ms) [Parameters=[@normalizedName='?' (Size = 256)], CommandType='Text', CommandTimeout='30']
      SELECT TOP(1) [a].[Id], [a].[ConcurrencyStamp], [a].[DataAccessScope], [a].[Description], [a].[Name], [a].[NormalizedName]
      FROM [AspNetRoles] AS [a]
      WHERE [a].[NormalizedName] = @normalizedName
info: Microsoft.EntityFrameworkCore.Database.Command[20101]
      Executed DbCommand (0ms) [Parameters=[@normalizedName='?' (Size = 256)], CommandType='Text', CommandTimeout='30']
      SELECT TOP(1) [a].[Id], [a].[ConcurrencyStamp], [a].[DataAccessScope], [a].[Description], [a].[Name], [a].[NormalizedName]
      FROM [AspNetRoles] AS [a]
      WHERE [a].[NormalizedName] = @normalizedName
info: Microsoft.EntityFrameworkCore.Database.Command[20101]
      Executed DbCommand (3ms) [Parameters=[], CommandType='Text', CommandTimeout='30']
      SELECT [p].[Key]
      FROM [Permissions] AS [p]
info: Microsoft.EntityFrameworkCore.Database.Command[20101]
      Executed DbCommand (0ms) [Parameters=[@normalizedName='?' (Size = 256)], CommandType='Text', CommandTimeout='30']
      SELECT TOP(1) [a].[Id], [a].[ConcurrencyStamp], [a].[DataAccessScope], [a].[Description], [a].[Name], [a].[NormalizedName]
      FROM [AspNetRoles] AS [a]
      WHERE [a].[NormalizedName] = @normalizedName
info: Microsoft.EntityFrameworkCore.Database.Command[20101]
      Executed DbCommand (6ms) [Parameters=[@_8__locals1_role_Id='?' (Size = 450), @key='?' (Size = 128)], CommandType='Text', CommandTimeout='30']
      SELECT TOP(1) [r].[Id], [r].[IsAllowed], [r].[PermissionKey], [r].[RoleId]
      FROM [RolePermissions] AS [r]
      WHERE [r].[RoleId] = @_8__locals1_role_Id AND [r].[PermissionKey] = @key
info: Microsoft.EntityFrameworkCore.Database.Command[20101]
      Executed DbCommand (1ms) [Parameters=[@_8__locals1_role_Id='?' (Size = 450), @key='?' (Size = 128)], CommandType='Text', CommandTimeout='30']
      SELECT TOP(1) [r].[Id], [r].[IsAllowed], [r].[PermissionKey], [r].[RoleId]
      FROM [RolePermissions] AS [r]
      WHERE [r].[RoleId] = @_8__locals1_role_Id AND [r].[PermissionKey] = @key
info: Microsoft.EntityFrameworkCore.Database.Command[20101]
      Executed DbCommand (0ms) [Parameters=[@_8__locals1_role_Id='?' (Size = 450), @key='?' (Size = 128)], CommandType='Text', CommandTimeout='30']
      SELECT TOP(1) [r].[Id], [r].[IsAllowed], [r].[PermissionKey], [r].[RoleId]
      FROM [RolePermissions] AS [r]
      WHERE [r].[RoleId] = @_8__locals1_role_Id AND [r].[PermissionKey] = @key
info: Microsoft.EntityFrameworkCore.Database.Command[20101]
      Executed DbCommand (0ms) [Parameters=[@_8__locals1_role_Id='?' (Size = 450), @key='?' (Size = 128)], CommandType='Text', CommandTimeout='30']
      SELECT TOP(1) [r].[Id], [r].[IsAllowed], [r].[PermissionKey], [r].[RoleId]
      FROM [RolePermissions] AS [r]
      WHERE [r].[RoleId] = @_8__locals1_role_Id AND [r].[PermissionKey] = @key
info: Microsoft.EntityFrameworkCore.Database.Command[20101]
      Executed DbCommand (0ms) [Parameters=[@_8__locals1_role_Id='?' (Size = 450), @key='?' (Size = 128)], CommandType='Text', CommandTimeout='30']
      SELECT TOP(1) [r].[Id], [r].[IsAllowed], [r].[PermissionKey], [r].[RoleId]
      FROM [RolePermissions] AS [r]
      WHERE [r].[RoleId] = @_8__locals1_role_Id AND [r].[PermissionKey] = @key
info: Microsoft.EntityFrameworkCore.Database.Command[20101]
      Executed DbCommand (0ms) [Parameters=[@_8__locals1_role_Id='?' (Size = 450), @key='?' (Size = 128)], CommandType='Text', CommandTimeout='30']
      SELECT TOP(1) [r].[Id], [r].[IsAllowed], [r].[PermissionKey], [r].[RoleId]
      FROM [RolePermissions] AS [r]
      WHERE [r].[RoleId] = @_8__locals1_role_Id AND [r].[PermissionKey] = @key
info: Microsoft.EntityFrameworkCore.Database.Command[20101]
      Executed DbCommand (0ms) [Parameters=[@_8__locals1_role_Id='?' (Size = 450), @key='?' (Size = 128)], CommandType='Text', CommandTimeout='30']
      SELECT TOP(1) [r].[Id], [r].[IsAllowed], [r].[PermissionKey], [r].[RoleId]
      FROM [RolePermissions] AS [r]
      WHERE [r].[RoleId] = @_8__locals1_role_Id AND [r].[PermissionKey] = @key
info: Microsoft.EntityFrameworkCore.Database.Command[20101]
      Executed DbCommand (0ms) [Parameters=[@_8__locals1_role_Id='?' (Size = 450), @key='?' (Size = 128)], CommandType='Text', CommandTimeout='30']
      SELECT TOP(1) [r].[Id], [r].[IsAllowed], [r].[PermissionKey], [r].[RoleId]
      FROM [RolePermissions] AS [r]
      WHERE [r].[RoleId] = @_8__locals1_role_Id AND [r].[PermissionKey] = @key
info: Microsoft.EntityFrameworkCore.Database.Command[20101]
      Executed DbCommand (0ms) [Parameters=[@_8__locals1_role_Id='?' (Size = 450), @key='?' (Size = 128)], CommandType='Text', CommandTimeout='30']
      SELECT TOP(1) [r].[Id], [r].[IsAllowed], [r].[PermissionKey], [r].[RoleId]
      FROM [RolePermissions] AS [r]
      WHERE [r].[RoleId] = @_8__locals1_role_Id AND [r].[PermissionKey] = @key
info: Microsoft.EntityFrameworkCore.Database.Command[20101]
      Executed DbCommand (0ms) [Parameters=[@_8__locals1_role_Id='?' (Size = 450), @key='?' (Size = 128)], CommandType='Text', CommandTimeout='30']
      SELECT TOP(1) [r].[Id], [r].[IsAllowed], [r].[PermissionKey], [r].[RoleId]
      FROM [RolePermissions] AS [r]
      WHERE [r].[RoleId] = @_8__locals1_role_Id AND [r].[PermissionKey] = @key
info: Microsoft.EntityFrameworkCore.Database.Command[20101]
      Executed DbCommand (0ms) [Parameters=[@_8__locals1_role_Id='?' (Size = 450), @key='?' (Size = 128)], CommandType='Text', CommandTimeout='30']
      SELECT TOP(1) [r].[Id], [r].[IsAllowed], [r].[PermissionKey], [r].[RoleId]
      FROM [RolePermissions] AS [r]
      WHERE [r].[RoleId] = @_8__locals1_role_Id AND [r].[PermissionKey] = @key
info: Microsoft.EntityFrameworkCore.Database.Command[20101]
      Executed DbCommand (0ms) [Parameters=[@_8__locals1_role_Id='?' (Size = 450), @key='?' (Size = 128)], CommandType='Text', CommandTimeout='30']
      SELECT TOP(1) [r].[Id], [r].[IsAllowed], [r].[PermissionKey], [r].[RoleId]
      FROM [RolePermissions] AS [r]
      WHERE [r].[RoleId] = @_8__locals1_role_Id AND [r].[PermissionKey] = @key
info: Microsoft.EntityFrameworkCore.Database.Command[20101]
      Executed DbCommand (0ms) [Parameters=[@_8__locals1_role_Id='?' (Size = 450), @key='?' (Size = 128)], CommandType='Text', CommandTimeout='30']
      SELECT TOP(1) [r].[Id], [r].[IsAllowed], [r].[PermissionKey], [r].[RoleId]
      FROM [RolePermissions] AS [r]
      WHERE [r].[RoleId] = @_8__locals1_role_Id AND [r].[PermissionKey] = @key
info: Microsoft.EntityFrameworkCore.Database.Command[20101]
      Executed DbCommand (0ms) [Parameters=[@_8__locals1_role_Id='?' (Size = 450), @key='?' (Size = 128)], CommandType='Text', CommandTimeout='30']
      SELECT TOP(1) [r].[Id], [r].[IsAllowed], [r].[PermissionKey], [r].[RoleId]
      FROM [RolePermissions] AS [r]
      WHERE [r].[RoleId] = @_8__locals1_role_Id AND [r].[PermissionKey] = @key
info: Microsoft.EntityFrameworkCore.Database.Command[20101]
      Executed DbCommand (0ms) [Parameters=[@_8__locals1_role_Id='?' (Size = 450), @key='?' (Size = 128)], CommandType='Text', CommandTimeout='30']
      SELECT TOP(1) [r].[Id], [r].[IsAllowed], [r].[PermissionKey], [r].[RoleId]
      FROM [RolePermissions] AS [r]
      WHERE [r].[RoleId] = @_8__locals1_role_Id AND [r].[PermissionKey] = @key
info: Microsoft.EntityFrameworkCore.Database.Command[20101]
      Executed DbCommand (0ms) [Parameters=[@_8__locals1_role_Id='?' (Size = 450), @key='?' (Size = 128)], CommandType='Text', CommandTimeout='30']
      SELECT TOP(1) [r].[Id], [r].[IsAllowed], [r].[PermissionKey], [r].[RoleId]
      FROM [RolePermissions] AS [r]
      WHERE [r].[RoleId] = @_8__locals1_role_Id AND [r].[PermissionKey] = @key
info: Microsoft.EntityFrameworkCore.Database.Command[20101]
      Executed DbCommand (0ms) [Parameters=[@_8__locals1_role_Id='?' (Size = 450), @key='?' (Size = 128)], CommandType='Text', CommandTimeout='30']
      SELECT TOP(1) [r].[Id], [r].[IsAllowed], [r].[PermissionKey], [r].[RoleId]
      FROM [RolePermissions] AS [r]
      WHERE [r].[RoleId] = @_8__locals1_role_Id AND [r].[PermissionKey] = @key
info: Microsoft.EntityFrameworkCore.Database.Command[20101]
      Executed DbCommand (0ms) [Parameters=[@_8__locals1_role_Id='?' (Size = 450), @key='?' (Size = 128)], CommandType='Text', CommandTimeout='30']
      SELECT TOP(1) [r].[Id], [r].[IsAllowed], [r].[PermissionKey], [r].[RoleId]
      FROM [RolePermissions] AS [r]
      WHERE [r].[RoleId] = @_8__locals1_role_Id AND [r].[PermissionKey] = @key
info: Microsoft.EntityFrameworkCore.Database.Command[20101]
      Executed DbCommand (0ms) [Parameters=[@_8__locals1_role_Id='?' (Size = 450), @key='?' (Size = 128)], CommandType='Text', CommandTimeout='30']
      SELECT TOP(1) [r].[Id], [r].[IsAllowed], [r].[PermissionKey], [r].[RoleId]
      FROM [RolePermissions] AS [r]
      WHERE [r].[RoleId] = @_8__locals1_role_Id AND [r].[PermissionKey] = @key
info: Microsoft.EntityFrameworkCore.Database.Command[20101]
      Executed DbCommand (0ms) [Parameters=[@_8__locals1_role_Id='?' (Size = 450), @key='?' (Size = 128)], CommandType='Text', CommandTimeout='30']
      SELECT TOP(1) [r].[Id], [r].[IsAllowed], [r].[PermissionKey], [r].[RoleId]
      FROM [RolePermissions] AS [r]
      WHERE [r].[RoleId] = @_8__locals1_role_Id AND [r].[PermissionKey] = @key
info: Microsoft.EntityFrameworkCore.Database.Command[20101]
      Executed DbCommand (0ms) [Parameters=[@_8__locals1_role_Id='?' (Size = 450), @key='?' (Size = 128)], CommandType='Text', CommandTimeout='30']
      SELECT TOP(1) [r].[Id], [r].[IsAllowed], [r].[PermissionKey], [r].[RoleId]
      FROM [RolePermissions] AS [r]
      WHERE [r].[RoleId] = @_8__locals1_role_Id AND [r].[PermissionKey] = @key
info: Microsoft.EntityFrameworkCore.Database.Command[20101]
      Executed DbCommand (0ms) [Parameters=[@_8__locals1_role_Id='?' (Size = 450), @key='?' (Size = 128)], CommandType='Text', CommandTimeout='30']
      SELECT TOP(1) [r].[Id], [r].[IsAllowed], [r].[PermissionKey], [r].[RoleId]
      FROM [RolePermissions] AS [r]
      WHERE [r].[RoleId] = @_8__locals1_role_Id AND [r].[PermissionKey] = @key
info: Microsoft.EntityFrameworkCore.Database.Command[20101]
      Executed DbCommand (0ms) [Parameters=[@_8__locals1_role_Id='?' (Size = 450), @key='?' (Size = 128)], CommandType='Text', CommandTimeout='30']
      SELECT TOP(1) [r].[Id], [r].[IsAllowed], [r].[PermissionKey], [r].[RoleId]
      FROM [RolePermissions] AS [r]
      WHERE [r].[RoleId] = @_8__locals1_role_Id AND [r].[PermissionKey] = @key
info: Microsoft.EntityFrameworkCore.Database.Command[20101]
      Executed DbCommand (0ms) [Parameters=[@_8__locals1_role_Id='?' (Size = 450), @key='?' (Size = 128)], CommandType='Text', CommandTimeout='30']
      SELECT TOP(1) [r].[Id], [r].[IsAllowed], [r].[PermissionKey], [r].[RoleId]
      FROM [RolePermissions] AS [r]
      WHERE [r].[RoleId] = @_8__locals1_role_Id AND [r].[PermissionKey] = @key
info: Microsoft.EntityFrameworkCore.Database.Command[20101]
      Executed DbCommand (0ms) [Parameters=[@_8__locals1_role_Id='?' (Size = 450), @key='?' (Size = 128)], CommandType='Text', CommandTimeout='30']
      SELECT TOP(1) [r].[Id], [r].[IsAllowed], [r].[PermissionKey], [r].[RoleId]
      FROM [RolePermissions] AS [r]
      WHERE [r].[RoleId] = @_8__locals1_role_Id AND [r].[PermissionKey] = @key
info: Microsoft.EntityFrameworkCore.Database.Command[20101]
      Executed DbCommand (0ms) [Parameters=[@_8__locals1_role_Id='?' (Size = 450), @key='?' (Size = 128)], CommandType='Text', CommandTimeout='30']
      SELECT TOP(1) [r].[Id], [r].[IsAllowed], [r].[PermissionKey], [r].[RoleId]
      FROM [RolePermissions] AS [r]
      WHERE [r].[RoleId] = @_8__locals1_role_Id AND [r].[PermissionKey] = @key
info: Microsoft.EntityFrameworkCore.Database.Command[20101]
      Executed DbCommand (0ms) [Parameters=[@_8__locals1_role_Id='?' (Size = 450), @key='?' (Size = 128)], CommandType='Text', CommandTimeout='30']
      SELECT TOP(1) [r].[Id], [r].[IsAllowed], [r].[PermissionKey], [r].[RoleId]
      FROM [RolePermissions] AS [r]
      WHERE [r].[RoleId] = @_8__locals1_role_Id AND [r].[PermissionKey] = @key
info: Microsoft.EntityFrameworkCore.Database.Command[20101]
      Executed DbCommand (0ms) [Parameters=[@_8__locals1_role_Id='?' (Size = 450), @key='?' (Size = 128)], CommandType='Text', CommandTimeout='30']
      SELECT TOP(1) [r].[Id], [r].[IsAllowed], [r].[PermissionKey], [r].[RoleId]
      FROM [RolePermissions] AS [r]
      WHERE [r].[RoleId] = @_8__locals1_role_Id AND [r].[PermissionKey] = @key
info: Microsoft.EntityFrameworkCore.Database.Command[20101]
      Executed DbCommand (0ms) [Parameters=[@_8__locals1_role_Id='?' (Size = 450), @key='?' (Size = 128)], CommandType='Text', CommandTimeout='30']
      SELECT TOP(1) [r].[Id], [r].[IsAllowed], [r].[PermissionKey], [r].[RoleId]
      FROM [RolePermissions] AS [r]
      WHERE [r].[RoleId] = @_8__locals1_role_Id AND [r].[PermissionKey] = @key
info: Microsoft.EntityFrameworkCore.Database.Command[20101]
      Executed DbCommand (0ms) [Parameters=[@_8__locals1_role_Id='?' (Size = 450), @key='?' (Size = 128)], CommandType='Text', CommandTimeout='30']
      SELECT TOP(1) [r].[Id], [r].[IsAllowed], [r].[PermissionKey], [r].[RoleId]
      FROM [RolePermissions] AS [r]
      WHERE [r].[RoleId] = @_8__locals1_role_Id AND [r].[PermissionKey] = @key
info: Microsoft.EntityFrameworkCore.Database.Command[20101]
      Executed DbCommand (0ms) [Parameters=[@_8__locals1_role_Id='?' (Size = 450), @key='?' (Size = 128)], CommandType='Text', CommandTimeout='30']
      SELECT TOP(1) [r].[Id], [r].[IsAllowed], [r].[PermissionKey], [r].[RoleId]
      FROM [RolePermissions] AS [r]
      WHERE [r].[RoleId] = @_8__locals1_role_Id AND [r].[PermissionKey] = @key
info: Microsoft.EntityFrameworkCore.Database.Command[20101]
      Executed DbCommand (0ms) [Parameters=[@_8__locals1_role_Id='?' (Size = 450), @key='?' (Size = 128)], CommandType='Text', CommandTimeout='30']
      SELECT TOP(1) [r].[Id], [r].[IsAllowed], [r].[PermissionKey], [r].[RoleId]
      FROM [RolePermissions] AS [r]
      WHERE [r].[RoleId] = @_8__locals1_role_Id AND [r].[PermissionKey] = @key
info: Microsoft.EntityFrameworkCore.Database.Command[20101]
      Executed DbCommand (0ms) [Parameters=[@_8__locals1_role_Id='?' (Size = 450), @key='?' (Size = 128)], CommandType='Text', CommandTimeout='30']
      SELECT TOP(1) [r].[Id], [r].[IsAllowed], [r].[PermissionKey], [r].[RoleId]
      FROM [RolePermissions] AS [r]
      WHERE [r].[RoleId] = @_8__locals1_role_Id AND [r].[PermissionKey] = @key
info: Microsoft.EntityFrameworkCore.Database.Command[20101]
      Executed DbCommand (0ms) [Parameters=[@_8__locals1_role_Id='?' (Size = 450), @key='?' (Size = 128)], CommandType='Text', CommandTimeout='30']
      SELECT TOP(1) [r].[Id], [r].[IsAllowed], [r].[PermissionKey], [r].[RoleId]
      FROM [RolePermissions] AS [r]
      WHERE [r].[RoleId] = @_8__locals1_role_Id AND [r].[PermissionKey] = @key
info: Microsoft.EntityFrameworkCore.Database.Command[20101]
      Executed DbCommand (0ms) [Parameters=[@_8__locals1_role_Id='?' (Size = 450), @key='?' (Size = 128)], CommandType='Text', CommandTimeout='30']
      SELECT TOP(1) [r].[Id], [r].[IsAllowed], [r].[PermissionKey], [r].[RoleId]
      FROM [RolePermissions] AS [r]
      WHERE [r].[RoleId] = @_8__locals1_role_Id AND [r].[PermissionKey] = @key
info: Microsoft.EntityFrameworkCore.Database.Command[20101]
      Executed DbCommand (0ms) [Parameters=[@_8__locals1_role_Id='?' (Size = 450), @key='?' (Size = 128)], CommandType='Text', CommandTimeout='30']
      SELECT TOP(1) [r].[Id], [r].[IsAllowed], [r].[PermissionKey], [r].[RoleId]
      FROM [RolePermissions] AS [r]
      WHERE [r].[RoleId] = @_8__locals1_role_Id AND [r].[PermissionKey] = @key
info: Microsoft.EntityFrameworkCore.Database.Command[20101]
      Executed DbCommand (0ms) [Parameters=[@_8__locals1_role_Id='?' (Size = 450), @key='?' (Size = 128)], CommandType='Text', CommandTimeout='30']
      SELECT TOP(1) [r].[Id], [r].[IsAllowed], [r].[PermissionKey], [r].[RoleId]
      FROM [RolePermissions] AS [r]
      WHERE [r].[RoleId] = @_8__locals1_role_Id AND [r].[PermissionKey] = @key
info: Microsoft.EntityFrameworkCore.Database.Command[20101]
      Executed DbCommand (0ms) [Parameters=[@_8__locals1_role_Id='?' (Size = 450), @key='?' (Size = 128)], CommandType='Text', CommandTimeout='30']
      SELECT TOP(1) [r].[Id], [r].[IsAllowed], [r].[PermissionKey], [r].[RoleId]
      FROM [RolePermissions] AS [r]
      WHERE [r].[RoleId] = @_8__locals1_role_Id AND [r].[PermissionKey] = @key
info: Microsoft.EntityFrameworkCore.Database.Command[20101]
      Executed DbCommand (0ms) [Parameters=[@_8__locals1_role_Id='?' (Size = 450), @key='?' (Size = 128)], CommandType='Text', CommandTimeout='30']
      SELECT TOP(1) [r].[Id], [r].[IsAllowed], [r].[PermissionKey], [r].[RoleId]
      FROM [RolePermissions] AS [r]
      WHERE [r].[RoleId] = @_8__locals1_role_Id AND [r].[PermissionKey] = @key
info: Microsoft.EntityFrameworkCore.Database.Command[20101]
      Executed DbCommand (0ms) [Parameters=[@_8__locals1_role_Id='?' (Size = 450), @key='?' (Size = 128)], CommandType='Text', CommandTimeout='30']
      SELECT TOP(1) [r].[Id], [r].[IsAllowed], [r].[PermissionKey], [r].[RoleId]
      FROM [RolePermissions] AS [r]
      WHERE [r].[RoleId] = @_8__locals1_role_Id AND [r].[PermissionKey] = @key
info: Microsoft.EntityFrameworkCore.Database.Command[20101]
      Executed DbCommand (0ms) [Parameters=[@_8__locals1_role_Id='?' (Size = 450), @key='?' (Size = 128)], CommandType='Text', CommandTimeout='30']
      SELECT TOP(1) [r].[Id], [r].[IsAllowed], [r].[PermissionKey], [r].[RoleId]
      FROM [RolePermissions] AS [r]
      WHERE [r].[RoleId] = @_8__locals1_role_Id AND [r].[PermissionKey] = @key
info: Microsoft.EntityFrameworkCore.Database.Command[20101]
      Executed DbCommand (0ms) [Parameters=[@_8__locals1_role_Id='?' (Size = 450), @key='?' (Size = 128)], CommandType='Text', CommandTimeout='30']
      SELECT TOP(1) [r].[Id], [r].[IsAllowed], [r].[PermissionKey], [r].[RoleId]
      FROM [RolePermissions] AS [r]
      WHERE [r].[RoleId] = @_8__locals1_role_Id AND [r].[PermissionKey] = @key
info: Microsoft.EntityFrameworkCore.Database.Command[20101]
      Executed DbCommand (0ms) [Parameters=[@_8__locals1_role_Id='?' (Size = 450), @key='?' (Size = 128)], CommandType='Text', CommandTimeout='30']
      SELECT TOP(1) [r].[Id], [r].[IsAllowed], [r].[PermissionKey], [r].[RoleId]
      FROM [RolePermissions] AS [r]
      WHERE [r].[RoleId] = @_8__locals1_role_Id AND [r].[PermissionKey] = @key
info: Microsoft.EntityFrameworkCore.Database.Command[20101]
      Executed DbCommand (0ms) [Parameters=[@normalizedName='?' (Size = 256)], CommandType='Text', CommandTimeout='30']
      SELECT TOP(1) [a].[Id], [a].[ConcurrencyStamp], [a].[DataAccessScope], [a].[Description], [a].[Name], [a].[NormalizedName]
      FROM [AspNetRoles] AS [a]
      WHERE [a].[NormalizedName] = @normalizedName
info: Microsoft.EntityFrameworkCore.Database.Command[20101]
      Executed DbCommand (0ms) [Parameters=[@_8__locals1_role_Id='?' (Size = 450), @key='?' (Size = 128)], CommandType='Text', CommandTimeout='30']
      SELECT TOP(1) [r].[Id], [r].[IsAllowed], [r].[PermissionKey], [r].[RoleId]
      FROM [RolePermissions] AS [r]
      WHERE [r].[RoleId] = @_8__locals1_role_Id AND [r].[PermissionKey] = @key
info: Microsoft.EntityFrameworkCore.Database.Command[20101]
      Executed DbCommand (0ms) [Parameters=[@_8__locals1_role_Id='?' (Size = 450), @key='?' (Size = 128)], CommandType='Text', CommandTimeout='30']
      SELECT TOP(1) [r].[Id], [r].[IsAllowed], [r].[PermissionKey], [r].[RoleId]
      FROM [RolePermissions] AS [r]
      WHERE [r].[RoleId] = @_8__locals1_role_Id AND [r].[PermissionKey] = @key
info: Microsoft.EntityFrameworkCore.Database.Command[20101]
      Executed DbCommand (0ms) [Parameters=[@_8__locals1_role_Id='?' (Size = 450), @key='?' (Size = 128)], CommandType='Text', CommandTimeout='30']
      SELECT TOP(1) [r].[Id], [r].[IsAllowed], [r].[PermissionKey], [r].[RoleId]
      FROM [RolePermissions] AS [r]
      WHERE [r].[RoleId] = @_8__locals1_role_Id AND [r].[PermissionKey] = @key
info: Microsoft.EntityFrameworkCore.Database.Command[20101]
      Executed DbCommand (0ms) [Parameters=[@_8__locals1_role_Id='?' (Size = 450), @key='?' (Size = 128)], CommandType='Text', CommandTimeout='30']
      SELECT TOP(1) [r].[Id], [r].[IsAllowed], [r].[PermissionKey], [r].[RoleId]
      FROM [RolePermissions] AS [r]
      WHERE [r].[RoleId] = @_8__locals1_role_Id AND [r].[PermissionKey] = @key
info: Microsoft.EntityFrameworkCore.Database.Command[20101]
      Executed DbCommand (0ms) [Parameters=[@_8__locals1_role_Id='?' (Size = 450), @key='?' (Size = 128)], CommandType='Text', CommandTimeout='30']
      SELECT TOP(1) [r].[Id], [r].[IsAllowed], [r].[PermissionKey], [r].[RoleId]
      FROM [RolePermissions] AS [r]
      WHERE [r].[RoleId] = @_8__locals1_role_Id AND [r].[PermissionKey] = @key
info: Microsoft.EntityFrameworkCore.Database.Command[20101]
      Executed DbCommand (0ms) [Parameters=[@_8__locals1_role_Id='?' (Size = 450), @key='?' (Size = 128)], CommandType='Text', CommandTimeout='30']
      SELECT TOP(1) [r].[Id], [r].[IsAllowed], [r].[PermissionKey], [r].[RoleId]
      FROM [RolePermissions] AS [r]
      WHERE [r].[RoleId] = @_8__locals1_role_Id AND [r].[PermissionKey] = @key
info: Microsoft.EntityFrameworkCore.Database.Command[20101]
      Executed DbCommand (0ms) [Parameters=[@_8__locals1_role_Id='?' (Size = 450), @key='?' (Size = 128)], CommandType='Text', CommandTimeout='30']
      SELECT TOP(1) [r].[Id], [r].[IsAllowed], [r].[PermissionKey], [r].[RoleId]
      FROM [RolePermissions] AS [r]
      WHERE [r].[RoleId] = @_8__locals1_role_Id AND [r].[PermissionKey] = @key
info: Microsoft.EntityFrameworkCore.Database.Command[20101]
      Executed DbCommand (0ms) [Parameters=[@normalizedName='?' (Size = 256)], CommandType='Text', CommandTimeout='30']
      SELECT TOP(1) [a].[Id], [a].[ConcurrencyStamp], [a].[DataAccessScope], [a].[Description], [a].[Name], [a].[NormalizedName]
      FROM [AspNetRoles] AS [a]
      WHERE [a].[NormalizedName] = @normalizedName
info: Microsoft.EntityFrameworkCore.Database.Command[20101]
      Executed DbCommand (0ms) [Parameters=[@_8__locals1_role_Id='?' (Size = 450), @key='?' (Size = 128)], CommandType='Text', CommandTimeout='30']
      SELECT TOP(1) [r].[Id], [r].[IsAllowed], [r].[PermissionKey], [r].[RoleId]
      FROM [RolePermissions] AS [r]
      WHERE [r].[RoleId] = @_8__locals1_role_Id AND [r].[PermissionKey] = @key
info: Microsoft.EntityFrameworkCore.Database.Command[20101]
      Executed DbCommand (0ms) [Parameters=[@_8__locals1_role_Id='?' (Size = 450), @key='?' (Size = 128)], CommandType='Text', CommandTimeout='30']
      SELECT TOP(1) [r].[Id], [r].[IsAllowed], [r].[PermissionKey], [r].[RoleId]
      FROM [RolePermissions] AS [r]
      WHERE [r].[RoleId] = @_8__locals1_role_Id AND [r].[PermissionKey] = @key
info: Microsoft.EntityFrameworkCore.Database.Command[20101]
      Executed DbCommand (0ms) [Parameters=[@_8__locals1_role_Id='?' (Size = 450), @key='?' (Size = 128)], CommandType='Text', CommandTimeout='30']
      SELECT TOP(1) [r].[Id], [r].[IsAllowed], [r].[PermissionKey], [r].[RoleId]
      FROM [RolePermissions] AS [r]
      WHERE [r].[RoleId] = @_8__locals1_role_Id AND [r].[PermissionKey] = @key
info: Microsoft.EntityFrameworkCore.Database.Command[20101]
      Executed DbCommand (0ms) [Parameters=[@_8__locals1_role_Id='?' (Size = 450), @key='?' (Size = 128)], CommandType='Text', CommandTimeout='30']
      SELECT TOP(1) [r].[Id], [r].[IsAllowed], [r].[PermissionKey], [r].[RoleId]
      FROM [RolePermissions] AS [r]
      WHERE [r].[RoleId] = @_8__locals1_role_Id AND [r].[PermissionKey] = @key
info: Microsoft.EntityFrameworkCore.Database.Command[20101]
      Executed DbCommand (0ms) [Parameters=[@_8__locals1_role_Id='?' (Size = 450), @key='?' (Size = 128)], CommandType='Text', CommandTimeout='30']
      SELECT TOP(1) [r].[Id], [r].[IsAllowed], [r].[PermissionKey], [r].[RoleId]
      FROM [RolePermissions] AS [r]
      WHERE [r].[RoleId] = @_8__locals1_role_Id AND [r].[PermissionKey] = @key
info: Microsoft.EntityFrameworkCore.Database.Command[20101]
      Executed DbCommand (0ms) [Parameters=[@_8__locals1_role_Id='?' (Size = 450), @key='?' (Size = 128)], CommandType='Text', CommandTimeout='30']
      SELECT TOP(1) [r].[Id], [r].[IsAllowed], [r].[PermissionKey], [r].[RoleId]
      FROM [RolePermissions] AS [r]
      WHERE [r].[RoleId] = @_8__locals1_role_Id AND [r].[PermissionKey] = @key
info: Microsoft.EntityFrameworkCore.Database.Command[20101]
      Executed DbCommand (0ms) [Parameters=[@normalizedName='?' (Size = 256)], CommandType='Text', CommandTimeout='30']
      SELECT TOP(1) [a].[Id], [a].[ConcurrencyStamp], [a].[DataAccessScope], [a].[Description], [a].[Name], [a].[NormalizedName]
      FROM [AspNetRoles] AS [a]
      WHERE [a].[NormalizedName] = @normalizedName
info: Microsoft.EntityFrameworkCore.Database.Command[20101]
      Executed DbCommand (0ms) [Parameters=[@_8__locals1_role_Id='?' (Size = 450), @key='?' (Size = 128)], CommandType='Text', CommandTimeout='30']
      SELECT TOP(1) [r].[Id], [r].[IsAllowed], [r].[PermissionKey], [r].[RoleId]
      FROM [RolePermissions] AS [r]
      WHERE [r].[RoleId] = @_8__locals1_role_Id AND [r].[PermissionKey] = @key
info: Microsoft.EntityFrameworkCore.Database.Command[20101]
      Executed DbCommand (0ms) [Parameters=[@_8__locals1_role_Id='?' (Size = 450), @key='?' (Size = 128)], CommandType='Text', CommandTimeout='30']
      SELECT TOP(1) [r].[Id], [r].[IsAllowed], [r].[PermissionKey], [r].[RoleId]
      FROM [RolePermissions] AS [r]
      WHERE [r].[RoleId] = @_8__locals1_role_Id AND [r].[PermissionKey] = @key
info: Microsoft.EntityFrameworkCore.Database.Command[20101]
      Executed DbCommand (0ms) [Parameters=[@_8__locals1_role_Id='?' (Size = 450), @key='?' (Size = 128)], CommandType='Text', CommandTimeout='30']
      SELECT TOP(1) [r].[Id], [r].[IsAllowed], [r].[PermissionKey], [r].[RoleId]
      FROM [RolePermissions] AS [r]
      WHERE [r].[RoleId] = @_8__locals1_role_Id AND [r].[PermissionKey] = @key
info: Microsoft.EntityFrameworkCore.Database.Command[20101]
      Executed DbCommand (0ms) [Parameters=[@_8__locals1_role_Id='?' (Size = 450), @key='?' (Size = 128)], CommandType='Text', CommandTimeout='30']
      SELECT TOP(1) [r].[Id], [r].[IsAllowed], [r].[PermissionKey], [r].[RoleId]
      FROM [RolePermissions] AS [r]
      WHERE [r].[RoleId] = @_8__locals1_role_Id AND [r].[PermissionKey] = @key
info: Microsoft.EntityFrameworkCore.Database.Command[20101]
      Executed DbCommand (2ms) [Parameters=[@_8__locals1_role_Id='?' (Size = 450), @key='?' (Size = 128)], CommandType='Text', CommandTimeout='30']
      SELECT TOP(1) [r].[Id], [r].[IsAllowed], [r].[PermissionKey], [r].[RoleId]
      FROM [RolePermissions] AS [r]
      WHERE [r].[RoleId] = @_8__locals1_role_Id AND [r].[PermissionKey] = @key
info: Microsoft.EntityFrameworkCore.Database.Command[20101]
      Executed DbCommand (0ms) [Parameters=[@_8__locals1_role_Id='?' (Size = 450), @key='?' (Size = 128)], CommandType='Text', CommandTimeout='30']
      SELECT TOP(1) [r].[Id], [r].[IsAllowed], [r].[PermissionKey], [r].[RoleId]
      FROM [RolePermissions] AS [r]
      WHERE [r].[RoleId] = @_8__locals1_role_Id AND [r].[PermissionKey] = @key
info: Microsoft.EntityFrameworkCore.Database.Command[20101]
      Executed DbCommand (6ms) [Parameters=[@normalizedEmail='?' (Size = 256)], CommandType='Text', CommandTimeout='30']
      SELECT TOP(2) [a].[Id], [a].[AccessFailedCount], [a].[CanAccessFinance], [a].[CanAccessHumanCapital], [a].[CanAccessSystemSettings], [a].[CanAccessWarehouse], [a].[ConcurrencyStamp], [a].[DepartmentId], [a].[Email], [a].[EmailConfirmed], [a].[EmployeeId], [a].[FullName], [a].[Gender], [a].[IsManager], [a].[JobTitle], [a].[LockoutEnabled], [a].[LockoutEnd], [a].[ManagerId], [a].[NormalizedEmail], [a].[NormalizedUserName], [a].[ParentManagerUserId], [a].[PasswordHash], [a].[PhoneNumber], [a].[PhoneNumberConfirmed], [a].[Role], [a].[SecurityStamp], [a].[ServiceLocation], [a].[SignaturePath], [a].[TwoFactorEnabled], [a].[UserName]
      FROM [AspNetUsers] AS [a]
      WHERE [a].[NormalizedEmail] = @normalizedEmail
info: Microsoft.EntityFrameworkCore.Database.Command[20101]
      Executed DbCommand (1ms) [Parameters=[@normalizedName='?' (Size = 256)], CommandType='Text', CommandTimeout='30']
      SELECT TOP(1) [a].[Id], [a].[ConcurrencyStamp], [a].[DataAccessScope], [a].[Description], [a].[Name], [a].[NormalizedName]
      FROM [AspNetRoles] AS [a]
      WHERE [a].[NormalizedName] = @normalizedName
info: Microsoft.EntityFrameworkCore.Database.Command[20101]
      Executed DbCommand (3ms) [Parameters=[@normalizedUserName='?' (Size = 256)], CommandType='Text', CommandTimeout='30']
      SELECT TOP(1) [a].[Id], [a].[AccessFailedCount], [a].[CanAccessFinance], [a].[CanAccessHumanCapital], [a].[CanAccessSystemSettings], [a].[CanAccessWarehouse], [a].[ConcurrencyStamp], [a].[DepartmentId], [a].[Email], [a].[EmailConfirmed], [a].[EmployeeId], [a].[FullName], [a].[Gender], [a].[IsManager], [a].[JobTitle], [a].[LockoutEnabled], [a].[LockoutEnd], [a].[ManagerId], [a].[NormalizedEmail], [a].[NormalizedUserName], [a].[ParentManagerUserId], [a].[PasswordHash], [a].[PhoneNumber], [a].[PhoneNumberConfirmed], [a].[Role], [a].[SecurityStamp], [a].[ServiceLocation], [a].[SignaturePath], [a].[TwoFactorEnabled], [a].[UserName]
      FROM [AspNetUsers] AS [a]
      WHERE [a].[NormalizedUserName] = @normalizedUserName
info: Microsoft.EntityFrameworkCore.Database.Command[20101]
      Executed DbCommand (17ms) [Parameters=[@p29='?' (Size = 450), @p0='?' (DbType = Int32), @p1='?' (DbType = Boolean), @p2='?' (DbType = Boolean), @p3='?' (DbType = Boolean), @p4='?' (DbType = Boolean), @p5='?' (Size = 4000), @p30='?' (Size = 4000), @p6='?' (DbType = Int32), @p7='?' (Size = 256), @p8='?' (DbType = Boolean), @p9='?' (DbType = Int32), @p10='?' (Size = 4000), @p11='?' (Size = 4000), @p12='?' (DbType = Boolean), @p13='?' (Size = 4000), @p14='?' (DbType = Boolean), @p15='?' (DbType = DateTimeOffset), @p16='?' (Size = 450), @p17='?' (Size = 256), @p18='?' (Size = 256), @p19='?' (Size = 450), @p20='?' (Size = 4000), @p21='?' (Size = 4000), @p22='?' (DbType = Boolean), @p23='?' (Size = 4000), @p24='?' (Size = 4000), @p25='?' (Size = 4000), @p26='?' (Size = 4000), @p27='?' (DbType = Boolean), @p28='?' (Size = 256)], CommandType='Text', CommandTimeout='30']
      SET IMPLICIT_TRANSACTIONS OFF;
      SET NOCOUNT ON;
      UPDATE [AspNetUsers] SET [AccessFailedCount] = @p0, [CanAccessFinance] = @p1, [CanAccessHumanCapital] = @p2, [CanAccessSystemSettings] = @p3, [CanAccessWarehouse] = @p4, [ConcurrencyStamp] = @p5, [DepartmentId] = @p6, [Email] = @p7, [EmailConfirmed] = @p8, [EmployeeId] = @p9, [FullName] = @p10, [Gender] = @p11, [IsManager] = @p12, [JobTitle] = @p13, [LockoutEnabled] = @p14, [LockoutEnd] = @p15, [ManagerId] = @p16, [NormalizedEmail] = @p17, [NormalizedUserName] = @p18, [ParentManagerUserId] = @p19, [PasswordHash] = @p20, [PhoneNumber] = @p21, [PhoneNumberConfirmed] = @p22, [Role] = @p23, [SecurityStamp] = @p24, [ServiceLocation] = @p25, [SignaturePath] = @p26, [TwoFactorEnabled] = @p27, [UserName] = @p28
      OUTPUT 1
      WHERE [Id] = @p29 AND [ConcurrencyStamp] = @p30;
info: Microsoft.EntityFrameworkCore.Database.Command[20101]
      Executed DbCommand (2ms) [Parameters=[@normalizedRoleName='?' (Size = 256)], CommandType='Text', CommandTimeout='30']
      SELECT TOP(2) [a].[Id], [a].[ConcurrencyStamp], [a].[DataAccessScope], [a].[Description], [a].[Name], [a].[NormalizedName]
      FROM [AspNetRoles] AS [a]
      WHERE [a].[NormalizedName] = @normalizedRoleName
info: Microsoft.EntityFrameworkCore.Database.Command[20101]
      Executed DbCommand (3ms) [Parameters=[@p='?' (Size = 450), @p1='?' (Size = 450)], CommandType='Text', CommandTimeout='30']
      SELECT TOP(1) [a].[UserId], [a].[RoleId]
      FROM [AspNetUserRoles] AS [a]
      WHERE [a].[UserId] = @p AND [a].[RoleId] = @p1
info: Microsoft.EntityFrameworkCore.Database.Command[20101]
      Executed DbCommand (1ms) [Parameters=[@normalizedName='?' (Size = 256)], CommandType='Text', CommandTimeout='30']
      SELECT TOP(1) [a].[Id], [a].[ConcurrencyStamp], [a].[DataAccessScope], [a].[Description], [a].[Name], [a].[NormalizedName]
      FROM [AspNetRoles] AS [a]
      WHERE [a].[NormalizedName] = @normalizedName
info: Microsoft.EntityFrameworkCore.Database.Command[20101]
      Executed DbCommand (4ms) [Parameters=[@p5='?' (Size = 450), @p0='?' (Size = 4000), @p6='?' (Size = 4000), @p1='?' (Size = 32), @p2='?' (Size = 256), @p3='?' (Size = 256), @p4='?' (Size = 256)], CommandType='Text', CommandTimeout='30']
      SET IMPLICIT_TRANSACTIONS OFF;
      SET NOCOUNT ON;
      UPDATE [AspNetRoles] SET [ConcurrencyStamp] = @p0, [DataAccessScope] = @p1, [Description] = @p2, [Name] = @p3, [NormalizedName] = @p4
      OUTPUT 1
      WHERE [Id] = @p5 AND [ConcurrencyStamp] = @p6;
info: Microsoft.EntityFrameworkCore.Database.Command[20101]
      Executed DbCommand (5ms) [Parameters=[], CommandType='Text', CommandTimeout='30']
      SELECT CASE
          WHEN EXISTS (
              SELECT 1
              FROM [WorkflowInstances] AS [w]
              WHERE [w].[DocumentType] = N'SeedLetter') THEN CAST(1 AS bit)
          ELSE CAST(0 AS bit)
      END
info: Microsoft.EntityFrameworkCore.Database.Command[20101]
      Executed DbCommand (5ms) [Parameters=[], CommandType='Text', CommandTimeout='30']
      SELECT CASE
          WHEN EXISTS (
              SELECT 1
              FROM [Letters] AS [l]
              WHERE [l].[Title] LIKE N'\[DEMO]%' ESCAPE N'\') THEN CAST(1 AS bit)
          ELSE CAST(0 AS bit)
      END
info: Startup[0]
      Startup bootstrap: finished.
info: Startup[0]
      After authentication /health Authenticated=False
info: Startup[0]
      Current-user middleware enter /health
info: Startup[0]
      After authorization /health
info: Microsoft.EntityFrameworkCore.Database.Command[20101]
      Executed DbCommand (1ms) [Parameters=[], CommandType='Text', CommandTimeout='30']
      SELECT 1
info: Startup[0]
      After authorization complete /health
info: Startup[0]
      Current-user middleware exit /health
info: Startup[0]
      After authentication complete /health
info: Startup[0]
      After authentication /health Authenticated=False
info: Startup[0]
      Current-user middleware enter /health
info: Startup[0]
      After authorization /health
info: Microsoft.EntityFrameworkCore.Database.Command[20101]
      Executed DbCommand (1ms) [Parameters=[], CommandType='Text', CommandTimeout='30']
      SELECT 1
info: Startup[0]
      After authorization complete /health
info: Startup[0]
      Current-user middleware exit /health
info: Startup[0]
      After authentication complete /health
